<?xml version="1.0" encoding="UTF-8"?>
<!-- Generated by org.testng.reporters.JUnitXMLReporter -->
<testsuite ignored="0" hostname="iMac-Mikhail" failures="1" tests="8" name="allTests" time="0.017" errors="0" timestamp="2022-01-28T00:11:43 MSK">
  <testcase classname="tests.Test1" name="action1_a" time="0.0">
    <failure type="org.testng.TestNGException" message="
Unsupported type parameter : class java.lang.Object">
      <![CDATA[org.testng.TestNGException: 
Unsupported type parameter : class java.lang.Object
at java.base/java.util.ArrayList.forEach(ArrayList.java:1511)
at Runner.main(Runner.java:34)
... Removed 24 stack frames]]>
    </failure>
  </testcase> <!-- action1_a -->
  <testcase classname="tests.Test1" name="action1_b" time="0.003"/>
  <testcase classname="tests.Test2" name="action2_a" time="0.001"/>
  <testcase classname="tests.Test2" name="action2_b" time="0.0"/>
  <testcase classname="tests.Test3" name="action3_a" time="0.0"/>
  <testcase classname="tests.Test3" name="action3_b" time="0.0"/>
  <testcase classname="tests.Test4" name="action4_a" time="0.0"/>
  <testcase classname="tests.Test4" name="action4_b" time="0.0"/>
</testsuite> <!-- allTests -->
