<?xml version="1.0" encoding="UTF-8"?>
<testng-results ignored="1" total="2" passed="1" failed="0" skipped="0">
  <reporter-output>
  </reporter-output>
  <suite started-at="2022-01-28T12:52:09 MSK" name="intro" finished-at="2022-01-28T12:52:09 MSK" duration-ms="1">
    <groups>
    </groups>
    <test started-at="2022-01-28T12:52:09 MSK" name="action1_a" finished-at="2022-01-28T12:52:09 MSK" duration-ms="1">
      <class name="tests.Test1">
        <test-method signature="action1_a(java.lang.String,java.lang.String)[pri:0, instance:tests.Test1@73700b80]" started-at="2022-01-28T12:52:09 MSK" name="action1_a" finished-at="2022-01-28T12:52:09 MSK" duration-ms="0" status="PASS">
          <params>
            <param index="0">
              <value>
                <![CDATA[]]>
              </value>
            </param>
            <param index="1">
              <value>
                <![CDATA[]]>
              </value>
            </param>
          </params>
          <reporter-output>
          </reporter-output>
        </test-method> <!-- action1_a -->
      </class> <!-- tests.Test1 -->
    </test> <!-- action1_a -->
  </suite> <!-- intro -->
</testng-results>
